\BOOKMARK [0][-]{part.1}{\376\377\173\054\116\000\220\350\122\006\000\040}{}% 1
\BOOKMARK [1][-]{section.1.1}{\376\377\133\236\232\214\230\171\166\356\124\015\171\360\377\032}{part.1}% 2
\BOOKMARK [1][-]{section.1.2}{\376\377\133\236\232\214\123\237\164\006\377\032}{part.1}% 3
\BOOKMARK [2][-]{subsection.1.2.1}{\376\377\000T\000i\000n\000y\000\040\000I\000m\000a\000g\000e\000s\000\040\133\236\232\214\123\237\164\006}{section.1.2}% 4
\BOOKMARK [3][-]{subsubsection.1.2.1.1}{\376\377\145\271\154\325\162\171\160\271}{subsection.1.2.1}% 5
\BOOKMARK [3][-]{subsubsection.1.2.1.2}{\376\377\127\372\147\054\123\237\164\006}{subsection.1.2.1}% 6
\BOOKMARK [2][-]{subsection.1.2.2}{\376\377\127\372\147\054\123\237\164\006}{section.1.2}% 7
\BOOKMARK [2][-]{subsection.1.2.3}{\376\377\173\227\154\325\153\145\232\244}{section.1.2}% 8
\BOOKMARK [2][-]{subsection.1.2.4}{\376\377\000K\120\074\220\011\142\351}{section.1.2}% 9
\BOOKMARK [2][-]{subsection.1.2.5}{\376\377\000B\000a\000g\000\040\000o\000f\000\040\000W\000o\000r\000d\000s\000\040\000\050\000B\000o\000W\000\051\000\040\133\236\232\214\123\237\164\006}{section.1.2}% 10
\BOOKMARK [3][-]{subsubsection.1.2.5.1}{\376\377\127\372\147\054\123\237\164\006}{subsection.1.2.5}% 11
\BOOKMARK [2][-]{subsection.1.2.6}{\376\377\145\057\143\001\124\021\221\317\147\072\000\040\000\050\000S\000V\000M\000\051\000\040\133\236\232\214\123\237\164\006}{section.1.2}% 12
\BOOKMARK [3][-]{subsubsection.1.2.6.1}{\376\377\145\160\133\146\123\237\164\006}{subsection.1.2.6}% 13
\BOOKMARK [3][-]{subsubsection.1.2.6.2}{\376\377\000K\000e\000r\000n\000e\000l\000\040\000T\000r\000i\000c\000k}{subsection.1.2.6}% 14
\BOOKMARK [3][-]{subsubsection.1.2.6.3}{\376\377\131\032\174\173\122\053\122\006\174\173}{subsection.1.2.6}% 15
\BOOKMARK [1][-]{section.1.3}{\376\377\133\236\232\214\166\356\166\204\377\032}{part.1}% 16
\BOOKMARK [1][-]{section.1.4}{\376\377\133\236\232\214\121\205\133\271\377\032}{part.1}% 17
\BOOKMARK [1][-]{section.1.5}{\376\377\133\236\232\214\153\145\232\244\377\032}{part.1}% 18
\BOOKMARK [2][-]{subsection.1.5.1}{\376\377\133\236\163\260\000T\000i\000n\000y\000+\000K\000N\000N\145\271\154\325}{section.1.5}% 19
\BOOKMARK [2][-]{subsection.1.5.2}{\376\377\133\236\163\260\000\040\000B\000a\000g\000\040\000o\000f\000\040\000W\000o\000r\000d\000s\000\040\000\050\000S\000I\000F\000T\000\051\000\040\000+\000\040\000S\000V\000M\000\040\145\271\154\325}{section.1.5}% 20
\BOOKMARK [2][-]{subsection.1.5.3}{\376\377\153\324\217\203\122\006\147\220}{section.1.5}% 21
\BOOKMARK [1][-]{section.1.6}{\376\377\133\236\232\214\145\160\143\156\123\312\176\323\147\234\122\006\147\220\377\032}{part.1}% 22
\BOOKMARK [1][-]{section.1.7}{\376\377\133\236\232\214\176\323\213\272\377\032}{part.1}% 23
\BOOKMARK [1][-]{section.1.8}{\376\377\140\073\176\323\123\312\137\303\137\227\117\123\117\032\377\032}{part.1}% 24
\BOOKMARK [1][-]{section.1.9}{\376\377\133\371\147\054\133\236\232\214\217\307\172\013\123\312\145\271\154\325\060\001\142\113\153\265\166\204\145\071\217\333\136\372\213\256\123\312\134\125\147\033\377\032}{part.1}% 25
\BOOKMARK [1][-]{appendix.1.1}{\376\377\116\343\170\001\171\072\117\213}{part.1}% 26
