\BOOKMARK [0][-]{part.1}{\376\377\173\054\116\000\220\350\122\006\000\040}{}% 1
\BOOKMARK [1][-]{section.1.1}{\376\377\133\236\232\214\133\244\124\015\171\360\377\032}{part.1}% 2
\BOOKMARK [1][-]{section.1.2}{\376\377\133\236\232\214\230\171\166\356\124\015\171\360\377\032}{part.1}% 3
\BOOKMARK [1][-]{section.1.3}{\376\377\133\236\232\214\123\237\164\006\377\032}{part.1}% 4
\BOOKMARK [1][-]{section.1.4}{\376\377\133\236\232\214\166\356\166\204\377\032}{part.1}% 5
\BOOKMARK [1][-]{section.1.5}{\376\377\133\236\232\214\121\205\133\271\377\032}{part.1}% 6
\BOOKMARK [1][-]{section.1.6}{\376\377\133\236\232\214\126\150\147\120\377\010\213\276\131\007\060\001\121\103\126\150\116\366\377\011\377\032}{part.1}% 7
\BOOKMARK [1][-]{section.1.7}{\376\377\133\236\232\214\153\145\232\244\377\032}{part.1}% 8
\BOOKMARK [2][-]{subsection.1.7.1}{\376\377\225\356\230\230\143\317\217\360}{section.1.7}% 9
\BOOKMARK [2][-]{subsection.1.7.2}{\376\377\173\227\154\325\122\006\147\220\116\016\151\202\211\201\213\276\213\241}{section.1.7}% 10
\BOOKMARK [2][-]{subsection.1.7.3}{\376\377\150\070\137\303\173\227\154\325\166\204\213\346\176\306\213\276\213\241\116\016\133\236\163\260}{section.1.7}% 11
\BOOKMARK [1][-]{section.1.8}{\376\377\133\236\232\214\145\160\143\156\123\312\176\323\147\234\122\006\147\220\377\032}{part.1}% 12
\BOOKMARK [1][-]{section.1.9}{\376\377\133\236\232\214\176\323\213\272\377\032}{part.1}% 13
\BOOKMARK [1][-]{section.1.10}{\376\377\140\073\176\323\123\312\137\303\137\227\117\123\117\032\377\032}{part.1}% 14
\BOOKMARK [1][-]{section.1.11}{\376\377\133\371\147\054\133\236\232\214\217\307\172\013\123\312\145\271\154\325\060\001\142\113\153\265\166\204\145\071\217\333\136\372\213\256\123\312\134\125\147\033\377\032}{part.1}% 15
\BOOKMARK [0][-]{part.2}{\376\377\173\054\116\214\220\350\122\006\000\040}{}% 16
\BOOKMARK [1][-]{section.2.1}{\376\377\133\236\232\214\133\244\124\015\171\360\377\032}{part.2}% 17
\BOOKMARK [1][-]{section.2.2}{\376\377\133\236\232\214\230\171\166\356\124\015\171\360\377\032}{part.2}% 18
\BOOKMARK [1][-]{section.2.3}{\376\377\133\236\232\214\123\237\164\006\377\032}{part.2}% 19
\BOOKMARK [1][-]{section.2.4}{\376\377\133\236\232\214\166\356\166\204\377\032}{part.2}% 20
\BOOKMARK [1][-]{section.2.5}{\376\377\133\236\232\214\121\205\133\271\377\032}{part.2}% 21
\BOOKMARK [1][-]{section.2.6}{\376\377\133\236\232\214\126\150\147\120\377\010\213\276\131\007\060\001\121\103\126\150\116\366\377\011\377\032}{part.2}% 22
\BOOKMARK [1][-]{section.2.7}{\376\377\133\236\232\214\153\145\232\244\377\032}{part.2}% 23
\BOOKMARK [2][-]{subsection.2.7.1}{\376\377\225\356\230\230\143\317\217\360}{section.2.7}% 24
\BOOKMARK [2][-]{subsection.2.7.2}{\376\377\173\227\154\325\122\006\147\220\116\016\151\202\211\201\213\276\213\241}{section.2.7}% 25
\BOOKMARK [2][-]{subsection.2.7.3}{\376\377\150\070\137\303\173\227\154\325\166\204\213\346\176\306\213\276\213\241\116\016\133\236\163\260}{section.2.7}% 26
\BOOKMARK [1][-]{section.2.8}{\376\377\133\236\232\214\145\160\143\156\123\312\176\323\147\234\122\006\147\220\377\032}{part.2}% 27
\BOOKMARK [1][-]{section.2.9}{\376\377\133\236\232\214\176\323\213\272\377\032}{part.2}% 28
\BOOKMARK [1][-]{section.2.10}{\376\377\140\073\176\323\123\312\137\303\137\227\117\123\117\032\377\032}{part.2}% 29
\BOOKMARK [1][-]{section.2.11}{\376\377\133\371\147\054\133\236\232\214\217\307\172\013\123\312\145\271\154\325\060\001\142\113\153\265\166\204\145\071\217\333\136\372\213\256\123\312\134\125\147\033\377\032}{part.2}% 30
\BOOKMARK [1][-]{appendix.2.1}{\376\377\116\343\170\001\171\072\117\213}{part.2}% 31
\BOOKMARK [1][-]{appendix.2.2}{\376\377\210\150\150\074\171\072\117\213}{part.2}% 32
\BOOKMARK [1][-]{appendix.2.3}{\376\377\117\052\116\343\170\001\171\072\117\213}{part.2}% 33
\BOOKMARK [1][-]{appendix.2.4}{\376\377\133\127\117\123\171\072\117\213}{part.2}% 34
\BOOKMARK [1][-]{appendix.2.5}{\376\377\126\376\162\107\171\072\117\213}{part.2}% 35
